Map {
  'String' => [Function: String],
  'Object' => [Function: Object],
  'Array' => [Function: Array]
}
Node {
  type: 'Literal',
  start: 16,
  end: 17,
  value: 2,
  raw: '2',
  constVal: 2
}
Node {
  type: 'ExpressionStatement',
  start: 16,
  end: 17,
  expression: Node {
    type: 'Literal',
    start: 16,
    end: 17,
    value: 2,
    raw: '2',
    constVal: 2
  }
}
Node {
  type: 'BlockStatement',
  start: 15,
  end: 18,
  body: [
    Node {
      type: 'ExpressionStatement',
      start: 16,
      end: 17,
      expression: [Node]
    }
  ]
}
Node {
  type: 'ArrowFunctionExpression',
  start: 9,
  end: 18,
  id: null,
  expression: false,
  generator: false,
  async: false,
  params: [],
  body: Node { type: 'BlockStatement', start: 15, end: 18, body: [ [Node] ] }
}
Node {
  type: 'VariableDeclarator',
  start: 5,
  end: 18,
  id: Node { type: 'Identifier', start: 5, end: 6, name: 'x' },
  init: Node {
    type: 'ArrowFunctionExpression',
    start: 9,
    end: 18,
    id: null,
    expression: false,
    generator: false,
    async: false,
    params: [],
    body: Node { type: 'BlockStatement', start: 15, end: 18, body: [Array] }
  }
}
Node {
  type: 'VariableDeclaration',
  start: 1,
  end: 18,
  declarations: [
    Node {
      type: 'VariableDeclarator',
      start: 5,
      end: 18,
      id: [Node],
      init: [Node]
    }
  ],
  kind: 'var'
}
Node { type: 'Identifier', start: 27, end: 28, name: 'x' }
Node {
  type: 'CallExpression',
  start: 27,
  end: 30,
  callee: Node { type: 'Identifier', start: 27, end: 28, name: 'x' },
  arguments: [],
  optional: false
}
Node {
  type: 'VariableDeclarator',
  start: 23,
  end: 30,
  id: Node { type: 'Identifier', start: 23, end: 24, name: 'y' },
  init: Node {
    type: 'CallExpression',
    start: 27,
    end: 30,
    callee: Node { type: 'Identifier', start: 27, end: 28, name: 'x' },
    arguments: [],
    optional: false
  }
}
Node {
  type: 'VariableDeclaration',
  start: 19,
  end: 30,
  declarations: [
    Node {
      type: 'VariableDeclarator',
      start: 23,
      end: 30,
      id: [Node],
      init: [Node]
    }
  ],
  kind: 'var'
}
Node {
  type: 'Program',
  start: 0,
  end: 31,
  body: [
    Node {
      type: 'VariableDeclaration',
      start: 1,
      end: 18,
      declarations: [Array],
      kind: 'var'
    },
    Node {
      type: 'VariableDeclaration',
      start: 19,
      end: 30,
      declarations: [Array],
      kind: 'var'
    }
  ],
  sourceType: 'script'
}
